#
# A fatal error has been detected by the Java Runtime Environment:
#
#  EXCEPTION_ACCESS_VIOLATION (0xc0000005) at pc=0x6d0e929c, pid=1248, tid=1756
#
# JRE version: 6.0_21-b07
# Java VM: Java HotSpot(TM) Client VM (17.0-b17 mixed mode, sharing windows-x86 )
# Problematic frame:
# C  [awt.dll+0x3929c]
#
# If you would like to submit a bug report, please visit:
#   http://java.sun.com/webapps/bugreport/crash.jsp
# The crash happened outside the Java Virtual Machine in native code.
# See problematic frame for where to report the bug.
#

---------------  T H R E A D  ---------------

Current thread (0x02c46000):  JavaThread "AWT-Windows" daemon [_thread_in_native, id=1756, stack(0x03200000,0x03250000)]

siginfo: ExceptionCode=0xc0000005, writing address 0xe2b57f40

Registers:
EAX=0x22ca6e24, EBX=0x0000004e, ECX=0xe2b57f40, EDX=0x00000067
ESP=0x0324f494, EBP=0xffff0000, ESI=0x00000000, EDI=0x00000264
EIP=0x6d0e929c, EFLAGS=0x00010286

Top of Stack: (sp=0x0324f494)
0x0324f494:   0324f4f0 00000067 0324f574 0000004e
0x0324f4a4:   6d15b47e 22ca6e24 e2b57f40 00000067
0x0324f4b4:   0000004e 0324f6f0 0324f4f0 00000000
0x0324f4c4:   00000000 00000067 02ed9c40 00000100
0x0324f4d4:   00171a60 00000400 e2b57f40 00000000
0x0324f4e4:   00000000 00000067 0000004e 00000000
0x0324f4f4:   00000000 00000067 0000004e 00000000
0x0324f504:   00000000 00000004 00000400 00000000 

Instructions: (pc=0x6d0e929c)
0x6d0e928c:   00 00 00 00 8b 54 24 1c 8b 28 81 cd 00 00 00 ff
0x6d0e929c:   89 29 83 c0 04 83 c1 04 4a 75 ed 03 c6 03 cf 4b 


Stack: [0x03200000,0x03250000],  sp=0x0324f494,  free space=13d0324efc8k
Native frames: (J=compiled Java code, j=interpreted, Vv=VM code, C=native code)
C  [awt.dll+0x3929c]

[error occurred during error reporting (printing native stack), id 0xc0000005]

Java frames: (J=compiled Java code, j=interpreted, Vv=VM code)
j  sun.awt.windows.WToolkit.eventLoop()V+0
j  sun.awt.windows.WToolkit.run()V+52
j  java.lang.Thread.run()V+11
v  ~StubRoutines::call_stub

---------------  P R O C E S S  ---------------

Java Threads: ( => current thread )
  0x02bd8c00 JavaThread "Image Fetcher 0" daemon [_thread_blocked, id=2772, stack(0x00840000,0x00890000)]
  0x02f59000 JavaThread "Swing-Shell" daemon [_thread_blocked, id=3472, stack(0x03cc0000,0x03d10000)]
  0x02f47800 JavaThread "TimerQueue" daemon [_thread_blocked, id=3996, stack(0x03b40000,0x03b90000)]
  0x02f3ac00 JavaThread "D3D Screen Updater" daemon [_thread_blocked, id=136, stack(0x03810000,0x03860000)]
  0x002a6c00 JavaThread "DestroyJavaVM" [_thread_blocked, id=1412, stack(0x00910000,0x00960000)]
  0x02c4e400 JavaThread "AWT-EventQueue-0" [_thread_in_native, id=2160, stack(0x03290000,0x032e0000)]
=>0x02c46000 JavaThread "AWT-Windows" daemon [_thread_in_native, id=1756, stack(0x03200000,0x03250000)]
  0x02ed0c00 JavaThread "AWT-Shutdown" [_thread_blocked, id=1616, stack(0x031b0000,0x03200000)]
  0x02ed0400 JavaThread "Java2D Disposer" daemon [_thread_blocked, id=3992, stack(0x03160000,0x031b0000)]
  0x02bb7800 JavaThread "Low Memory Detector" daemon [_thread_blocked, id=748, stack(0x02e30000,0x02e80000)]
  0x02bb1800 JavaThread "CompilerThread0" daemon [_thread_blocked, id=2256, stack(0x02de0000,0x02e30000)]
  0x02bb0000 JavaThread "Attach Listener" daemon [_thread_blocked, id=3452, stack(0x02d90000,0x02de0000)]
  0x02baec00 JavaThread "Signal Dispatcher" daemon [_thread_blocked, id=3816, stack(0x02d40000,0x02d90000)]
  0x02b6d000 JavaThread "Finalizer" daemon [_thread_blocked, id=1428, stack(0x02cf0000,0x02d40000)]
  0x02b6b800 JavaThread "Reference Handler" daemon [_thread_blocked, id=1908, stack(0x02ca0000,0x02cf0000)]

Other Threads:
  0x02b6a000 VMThread [stack: 0x02c50000,0x02ca0000] [id=3384]
  0x02bc2400 WatcherThread [stack: 0x02e80000,0x02ed0000] [id=3436]

VM state:not at safepoint (normal execution)

VM Mutex/Monitor currently owned by a thread: None

Heap
 def new generation   total 4928K, used 3440K [0x229e0000, 0x22f30000, 0x27f30000)
  eden space 4416K,  66% used [0x229e0000, 0x22cc07f8, 0x22e30000)
  from space 512K,  96% used [0x22e30000, 0x22eabb00, 0x22eb0000)
  to   space 512K,   0% used [0x22eb0000, 0x22eb0000, 0x22f30000)
 tenured generation   total 10944K, used 1591K [0x27f30000, 0x289e0000, 0x329e0000)
   the space 10944K,  14% used [0x27f30000, 0x280bdea8, 0x280be000, 0x289e0000)
 compacting perm gen  total 12288K, used 992K [0x329e0000, 0x335e0000, 0x369e0000)
   the space 12288K,   8% used [0x329e0000, 0x32ad8358, 0x32ad8400, 0x335e0000)
    ro space 10240K,  54% used [0x369e0000, 0x36f5c0f0, 0x36f5c200, 0x373e0000)
    rw space 12288K,  55% used [0x373e0000, 0x37a7fb80, 0x37a7fc00, 0x37fe0000)

Dynamic libraries:
0x00400000 - 0x00424000 	C:\Program Files\Java\jdk1.6.0_21\bin\java.exe
0x7c900000 - 0x7c9b0000 	C:\WINDOWS\system32\ntdll.dll
0x7c800000 - 0x7c8f4000 	C:\WINDOWS\system32\kernel32.dll
0x77dd0000 - 0x77e6b000 	C:\WINDOWS\system32\ADVAPI32.dll
0x77e70000 - 0x77f01000 	C:\WINDOWS\system32\RPCRT4.dll
0x7c340000 - 0x7c396000 	C:\Program Files\Java\jdk1.6.0_21\jre\bin\msvcr71.dll
0x6d8b0000 - 0x6db57000 	C:\Program Files\Java\jdk1.6.0_21\jre\bin\client\jvm.dll
0x77d40000 - 0x77dd0000 	C:\WINDOWS\system32\USER32.dll
0x77f10000 - 0x77f56000 	C:\WINDOWS\system32\GDI32.dll
0x76b40000 - 0x76b6d000 	C:\WINDOWS\system32\WINMM.dll
0x76bf0000 - 0x76bfb000 	C:\WINDOWS\system32\PSAPI.DLL
0x6d860000 - 0x6d86c000 	C:\Program Files\Java\jdk1.6.0_21\jre\bin\verify.dll
0x6d3e0000 - 0x6d3ff000 	C:\Program Files\Java\jdk1.6.0_21\jre\bin\java.dll
0x6d340000 - 0x6d348000 	C:\Program Files\Java\jdk1.6.0_21\jre\bin\hpi.dll
0x6d8a0000 - 0x6d8af000 	C:\Program Files\Java\jdk1.6.0_21\jre\bin\zip.dll
0x6d0b0000 - 0x6d1fa000 	C:\Program Files\Java\jdk1.6.0_21\jre\bin\awt.dll
0x73000000 - 0x73026000 	C:\WINDOWS\system32\WINSPOOL.DRV
0x77c10000 - 0x77c68000 	C:\WINDOWS\system32\msvcrt.dll
0x76390000 - 0x763ad000 	C:\WINDOWS\system32\IMM32.dll
0x774e0000 - 0x7761c000 	C:\WINDOWS\system32\ole32.dll
0x773d0000 - 0x774d2000 	C:\WINDOWS\WinSxS\x86_Microsoft.Windows.Common-Controls_6595b64144ccf1df_6.0.2600.2180_x-ww_a84f1ff9\COMCTL32.dll
0x77f60000 - 0x77fd6000 	C:\WINDOWS\system32\SHLWAPI.dll
0x5ad70000 - 0x5ada8000 	C:\WINDOWS\system32\uxtheme.dll
0x74720000 - 0x7476b000 	C:\WINDOWS\system32\MSCTF.dll
0x6d2e0000 - 0x6d334000 	C:\Program Files\Java\jdk1.6.0_21\jre\bin\fontmanager.dll
0x4fdd0000 - 0x4ff76000 	C:\WINDOWS\system32\d3d9.dll
0x032e0000 - 0x032e6000 	C:\WINDOWS\system32\d3d8thk.dll
0x77c00000 - 0x77c08000 	C:\WINDOWS\system32\VERSION.dll
0x7c9c0000 - 0x7d1d4000 	C:\WINDOWS\system32\shell32.dll
0x6d500000 - 0x6d524000 	C:\Program Files\Java\jdk1.6.0_21\jre\bin\jpeg.dll
0x6d6c0000 - 0x6d6d3000 	C:\Program Files\Java\jdk1.6.0_21\jre\bin\net.dll
0x71ab0000 - 0x71ac7000 	C:\WINDOWS\system32\WS2_32.dll
0x71aa0000 - 0x71aa8000 	C:\WINDOWS\system32\WS2HELP.dll
0x6d6e0000 - 0x6d6e9000 	C:\Program Files\Java\jdk1.6.0_21\jre\bin\nio.dll
0x605d0000 - 0x605d9000 	C:\WINDOWS\system32\mslbui.dll
0x5b860000 - 0x5b8b4000 	C:\WINDOWS\system32\netapi32.dll
0x20000000 - 0x202c5000 	C:\WINDOWS\system32\xpsp2res.dll
0x77b40000 - 0x77b62000 	C:\WINDOWS\system32\appHelp.dll
0x76fd0000 - 0x7704f000 	C:\WINDOWS\system32\CLBCATQ.DLL
0x77120000 - 0x771ac000 	C:\WINDOWS\system32\OLEAUT32.dll
0x77050000 - 0x77115000 	C:\WINDOWS\system32\COMRes.dll
0x10000000 - 0x101b9000 	C:\Program Files\Common Files\Ahead\Lib\NeroDigitalExt.dll
0x7c140000 - 0x7c243000 	C:\Program Files\Common Files\Ahead\Lib\MFC71.DLL
0x7c3a0000 - 0x7c41b000 	C:\Program Files\Common Files\Ahead\Lib\MSVCP71.dll
0x03d10000 - 0x03d6b000 	C:\Program Files\Common Files\Adobe\Acrobat\ActiveX\PDFShell.dll
0x78130000 - 0x781cb000 	C:\WINDOWS\WinSxS\x86_Microsoft.VC80.CRT_1fc8b3b9a1e18e3b_8.0.50727.3053_x-ww_b80fa8ca\MSVCR80.dll
0x71b20000 - 0x71b32000 	C:\WINDOWS\system32\MPR.dll
0x75f60000 - 0x75f67000 	C:\WINDOWS\System32\drprov.dll
0x71c10000 - 0x71c1e000 	C:\WINDOWS\System32\ntlanman.dll
0x71cd0000 - 0x71ce7000 	C:\WINDOWS\System32\NETUI0.dll
0x71c90000 - 0x71cd0000 	C:\WINDOWS\System32\NETUI1.dll
0x71c80000 - 0x71c87000 	C:\WINDOWS\System32\NETRAP.dll
0x71bf0000 - 0x71c03000 	C:\WINDOWS\System32\SAMLIB.dll
0x75f70000 - 0x75f79000 	C:\WINDOWS\System32\davclnt.dll
0x77920000 - 0x77a13000 	C:\WINDOWS\system32\SETUPAPI.dll
0x73d70000 - 0x73d83000 	C:\WINDOWS\system32\shgina.dll
0x75970000 - 0x75a67000 	C:\WINDOWS\system32\MSGINA.dll
0x769c0000 - 0x76a73000 	C:\WINDOWS\system32\USERENV.dll
0x76360000 - 0x76370000 	C:\WINDOWS\system32\WINSTA.dll
0x74320000 - 0x7435d000 	C:\WINDOWS\system32\ODBC32.dll
0x763b0000 - 0x763f9000 	C:\WINDOWS\system32\comdlg32.dll
0x03ed0000 - 0x03ee7000 	C:\WINDOWS\system32\odbcint.dll
0x77fe0000 - 0x77ff1000 	C:\WINDOWS\system32\Secur32.dll
0x76980000 - 0x76988000 	C:\WINDOWS\system32\LINKINFO.dll
0x76990000 - 0x769b5000 	C:\WINDOWS\system32\ntshrui.dll
0x76b20000 - 0x76b31000 	C:\WINDOWS\system32\ATL.DLL

VM Arguments:
jvm_args: -Dfile.encoding=UTF-8 
java_command: compression.Welcome_1 saathiya
Launcher Type: SUN_STANDARD

Environment Variables:
PATH=C:\WINDOWS\system32;C:\WINDOWS;C:\WINDOWS\System32\Wbem;C:\Program Files\Microsoft SQL Server\90\Tools\binn\;C:\Program Files\Microsoft SQL Server\100\Tools\Binn\;C:\Program Files\Microsoft SQL Server\100\DTS\Binn\;C:\WINDOWS\system32\WindowsPowerShell\v1.0;C:\Program Files\Microsoft SQL Server\100\Tools\Binn\VSShell\Common7\IDE\;C:\Program Files\Microsoft Visual Studio 9.0\Common7\IDE\PrivateAssemblies\
USERNAME=manisha
OS=Windows_NT
PROCESSOR_IDENTIFIER=x86 Family 16 Model 6 Stepping 2, AuthenticAMD



---------------  S Y S T E M  ---------------

OS: Windows XP Build 2600 Service Pack 2

CPU:total 2 (2 cores per cpu, 1 threads per core) family 16 model 6 stepping 2, cmov, cx8, fxsr, mmx, sse, sse2, sse3, popcnt, mmxext, 3dnow, 3dnowext, lzcnt, sse4a

Memory: 4k page, physical 2030764k(722436k free), swap 3964232k(2480328k free)

vm_info: Java HotSpot(TM) Client VM (17.0-b17) for windows-x86 JRE (1.6.0_21-b07), built on Jul 17 2010 01:10:15 by "java_re" with MS VC++ 7.1 (VS2003)

time: Sun Apr 22 18:02:25 2012
elapsed time: 17 seconds

